Using pre-set license
Built from '2022.3/release' branch; Version is '2022.3.20f1 (61c2feb0970d) revision 6406910'; Using compiler version '192829333'; Build Type 'Release'
OS: 'Windows 11  (10.0.22621) 64bit Professional' Language: 'en' Physical Memory: 15557 MB
BatchMode: 1, IsHumanControllingUs: 0, StartBugReporterOnCrash: 0, Is64bit: 1, IsPro: 1

COMMAND LINE ARGUMENTS:
C:\Program Files\Unity\Hub\Editor\2022.3.20f1\Editor\Unity.exe
-adb2
-batchMode
-noUpm
-name
AssetImportWorker2
-projectPath
C:/hmmmm/skyrim.test
-logFile
Logs/AssetImportWorker2.log
-srvPort
64842
Successfully changed project path to: C:/hmmmm/skyrim.test
C:/hmmmm/skyrim.test
[UnityMemory] Configuration Parameters - Can be set up in boot.config
    "memorysetup-bucket-allocator-granularity=16"
    "memorysetup-bucket-allocator-bucket-count=8"
    "memorysetup-bucket-allocator-block-size=33554432"
    "memorysetup-bucket-allocator-block-count=8"
    "memorysetup-main-allocator-block-size=16777216"
    "memorysetup-thread-allocator-block-size=16777216"
    "memorysetup-gfx-main-allocator-block-size=16777216"
    "memorysetup-gfx-thread-allocator-block-size=16777216"
    "memorysetup-cache-allocator-block-size=4194304"
    "memorysetup-typetree-allocator-block-size=2097152"
    "memorysetup-profiler-bucket-allocator-granularity=16"
    "memorysetup-profiler-bucket-allocator-bucket-count=8"
    "memorysetup-profiler-bucket-allocator-block-size=33554432"
    "memorysetup-profiler-bucket-allocator-block-count=8"
    "memorysetup-profiler-allocator-block-size=16777216"
    "memorysetup-profiler-editor-allocator-block-size=1048576"
    "memorysetup-temp-allocator-size-main=16777216"
    "memorysetup-job-temp-allocator-block-size=2097152"
    "memorysetup-job-temp-allocator-block-size-background=1048576"
    "memorysetup-job-temp-allocator-reduction-small-platforms=262144"
    "memorysetup-allocator-temp-initial-block-size-main=262144"
    "memorysetup-allocator-temp-initial-block-size-worker=262144"
    "memorysetup-temp-allocator-size-background-worker=32768"
    "memorysetup-temp-allocator-size-job-worker=262144"
    "memorysetup-temp-allocator-size-preload-manager=33554432"
    "memorysetup-temp-allocator-size-nav-mesh-worker=65536"
    "memorysetup-temp-allocator-size-audio-worker=65536"
    "memorysetup-temp-allocator-size-cloud-worker=32768"
    "memorysetup-temp-allocator-size-gi-baking-worker=262144"
    "memorysetup-temp-allocator-size-gfx=262144"
Player connection [3680] Host "[IP] 192.168.236.133 [Port] 0 [Flags] 2 [Guid] 434825714 [EditorId] 434825714 [Version] 1048832 [Id] WindowsEditor(7,DESKTOP-NRMP9RH) [Debug] 1 [PackageName] WindowsEditor [ProjectName] Editor" joined multi-casting on [225.0.0.222:54997]...

Player connection [3680] Host "[IP] 192.168.236.133 [Port] 0 [Flags] 2 [Guid] 434825714 [EditorId] 434825714 [Version] 1048832 [Id] WindowsEditor(7,DESKTOP-NRMP9RH) [Debug] 1 [PackageName] WindowsEditor [ProjectName] Editor" joined alternative multi-casting on [225.0.0.222:34997]...

[Physics::Module] Initialized MultithreadedJobDispatcher with 11 workers.
Refreshing native plugins compatible for Editor in 8.64 ms, found 4 plugins.
Preloading 0 native plugins for Editor in 0.00 ms.
Initialize engine version: 2022.3.20f1 (61c2feb0970d)
[Subsystems] Discovering subsystems at path C:/Program Files/Unity/Hub/Editor/2022.3.20f1/Editor/Data/Resources/UnitySubsystems
[Subsystems] Discovering subsystems at path C:/hmmmm/skyrim.test/Assets
GfxDevice: creating device client; threaded=0; jobified=0
Direct3D:
    Version:  Direct3D 11.0 [level 11.1]
    Renderer: NVIDIA GeForce RTX 3050 Ti Laptop GPU (ID=0x25a0)
    Vendor:   NVIDIA
    VRAM:     3976 MB
    Driver:   31.0.15.3770
Initialize mono
Mono path[0] = 'C:/Program Files/Unity/Hub/Editor/2022.3.20f1/Editor/Data/Managed'
Mono path[1] = 'C:/Program Files/Unity/Hub/Editor/2022.3.20f1/Editor/Data/MonoBleedingEdge/lib/mono/unityjit-win32'
Mono config path = 'C:/Program Files/Unity/Hub/Editor/2022.3.20f1/Editor/Data/MonoBleedingEdge/etc'
Using monoOptions --debugger-agent=transport=dt_socket,embedding=1,server=y,suspend=n,address=127.0.0.1:56736
Begin MonoManager ReloadAssembly
Registering precompiled unity dll's ...
Register platform support module: C:/Program Files/Unity/Hub/Editor/2022.3.20f1/Editor/Data/PlaybackEngines/WebGLSupport/UnityEditor.WebGL.Extensions.dll
Register platform support module: C:/Program Files/Unity/Hub/Editor/2022.3.20f1/Editor/Data/PlaybackEngines/WindowsStandaloneSupport/UnityEditor.WindowsStandalone.Extensions.dll
Registered in 0.006413 seconds.
- Loaded All Assemblies, in  0.375 seconds
Native extension for WindowsStandalone target not found
Native extension for WebGL target not found
Mono: successfully reloaded assembly
- Finished resetting the current domain, in  0.289 seconds
Domain Reload Profiling: 662ms
	BeginReloadAssembly (118ms)
		ExecutionOrderSort (0ms)
		DisableScriptedObjects (0ms)
		BackupInstance (0ms)
		ReleaseScriptingObjects (0ms)
		CreateAndSetChildDomain (1ms)
	RebuildCommonClasses (35ms)
	RebuildNativeTypeToScriptingClass (8ms)
	initialDomainReloadingComplete (55ms)
	LoadAllAssembliesAndSetupDomain (157ms)
		LoadAssemblies (117ms)
		RebuildTransferFunctionScriptingTraits (0ms)
		AnalyzeDomain (155ms)
			TypeCache.Refresh (153ms)
				TypeCache.ScanAssembly (137ms)
			ScanForSourceGeneratedMonoScriptInfo (1ms)
			ResolveRequiredComponents (1ms)
	FinalizeReload (289ms)
		ReleaseScriptCaches (0ms)
		RebuildScriptCaches (0ms)
		SetupLoadedEditorAssemblies (229ms)
			LogAssemblyErrors (0ms)
			InitializePlatformSupportModulesInManaged (10ms)
			SetLoadedEditorAssemblies (6ms)
			RefreshPlugins (0ms)
			BeforeProcessingInitializeOnLoad (2ms)
			ProcessInitializeOnLoadAttributes (159ms)
			ProcessInitializeOnLoadMethodAttributes (52ms)
			AfterProcessingInitializeOnLoad (0ms)
			EditorAssembliesLoaded (0ms)
		ExecutionOrderSort2 (0ms)
		AwakeInstancesAfterBackupRestoration (0ms)
========================================================================
Worker process is ready to serve import requests
Begin MonoManager ReloadAssembly
- Loaded All Assemblies, in  0.509 seconds
Refreshing native plugins compatible for Editor in 3.07 ms, found 4 plugins.
Native extension for WindowsStandalone target not found
Native extension for WebGL target not found
Package Manager log level set to [2]
[Package Manager] Server::EnsureServerProcessIsRunning -- launch failed, reason: Unity was launched with the -noUpm command-line argument
[Package Manager] UpmClient::Send -- Unable to send message (not connected to UPM process).
[Package Manager] Cannot connect to Unity Package Manager local server
Mono: successfully reloaded assembly
- Finished resetting the current domain, in  0.609 seconds
Domain Reload Profiling: 1116ms
	BeginReloadAssembly (126ms)
		ExecutionOrderSort (0ms)
		DisableScriptedObjects (4ms)
		BackupInstance (0ms)
		ReleaseScriptingObjects (0ms)
		CreateAndSetChildDomain (21ms)
	RebuildCommonClasses (26ms)
	RebuildNativeTypeToScriptingClass (9ms)
	initialDomainReloadingComplete (34ms)
	LoadAllAssembliesAndSetupDomain (312ms)
		LoadAssemblies (250ms)
		RebuildTransferFunctionScriptingTraits (0ms)
		AnalyzeDomain (133ms)
			TypeCache.Refresh (112ms)
				TypeCache.ScanAssembly (100ms)
			ScanForSourceGeneratedMonoScriptInfo (16ms)
			ResolveRequiredComponents (4ms)
	FinalizeReload (610ms)
		ReleaseScriptCaches (0ms)
		RebuildScriptCaches (0ms)
		SetupLoadedEditorAssemblies (484ms)
			LogAssemblyErrors (0ms)
			InitializePlatformSupportModulesInManaged (5ms)
			SetLoadedEditorAssemblies (3ms)
			RefreshPlugins (0ms)
			BeforeProcessingInitializeOnLoad (53ms)
			ProcessInitializeOnLoadAttributes (387ms)
			ProcessInitializeOnLoadMethodAttributes (30ms)
			AfterProcessingInitializeOnLoad (5ms)
			EditorAssembliesLoaded (0ms)
		ExecutionOrderSort2 (0ms)
		AwakeInstancesAfterBackupRestoration (5ms)
Launched and connected shader compiler UnityShaderCompiler.exe after 0.03 seconds
Refreshing native plugins compatible for Editor in 2.79 ms, found 4 plugins.
Preloading 0 native plugins for Editor in 0.00 ms.
Unloading 4044 Unused Serialized files (Serialized files now loaded: 0)
Unloading 68 unused Assets / (171.3 KB). Loaded Objects now: 4502.
Memory consumption went from 146.0 MB to 145.8 MB.
Total: 3.557400 ms (FindLiveObjects: 0.265400 ms CreateObjectMapping: 0.150700 ms MarkObjects: 2.969700 ms  DeleteObjects: 0.170700 ms)

AssetImportParameters requested are different than current active one (requested -> active):
  custom:container-demuxer-ogg: 62fdf1f143b41e24485cea50d1cbac27 -> 
  custom:video-decoder-ogg-theora: a1e56fd34408186e4bbccfd4996cb3dc -> 
  custom:framework-win-MediaFoundation: 216162199b28c13a410421893ffa2e32 -> 
  custom:CustomObjectIndexerAttribute: 6d391050e5a25f67b0a2c618074f2cd9 -> 
  custom:container-demuxer-webm: 4f35f7cbe854078d1ac9338744f61a02 -> 
  custom:container-muxer-webm: aa71ff27fc2769a1b78a27578f13a17b -> 
  custom:video-decoder-webm-vp8: 9c59270c3fd7afecdb556c50c9e8de78 -> 
  custom:SearchIndexIgnoredProperties: e643bd26f0fe6173181afceb89e7c659 -> 
  custom:AudioImporter_EditorPlatform: d09bf68614088b80899f8185d706f6e7 -> 
  custom:video-encoder-webm-vp8: eb34c28f22e8b96e1ab97ce403110664 -> 
  custom:audio-decoder-ogg-vorbis: bf7c407c2cedff20999df2af8eb42d56 -> 
  custom:audio-encoder-webm-vorbis: bf7c407c2cedff20999df2af8eb42d56 -> 
========================================================================
Received Import Request.
  Time since last request: 419678.896458 seconds.
  path: Assets/Tile Palette/TP Kar/karyol1.png
  artifactKey: Guid(ccf77df1be7ccb341b4168a83c5dbcd2) Importer(815301076,1909f56bfc062723c751e8b465ee728b)
Start importing Assets/Tile Palette/TP Kar/karyol1.png using Guid(ccf77df1be7ccb341b4168a83c5dbcd2) Importer(815301076,1909f56bfc062723c751e8b465ee728b)  -> (artifact id: '629ba1ceda3e77615655633d6037b66f') in 0.081004 seconds
Number of updated asset objects reloaded before import = 0
Number of asset objects unloaded after import = 3
========================================================================
Received Import Request.
  Time since last request: 0.000022 seconds.
  path: Assets/Tile Palette/TP Kar/karyolNE.png
  artifactKey: Guid(0043e9b6d61f2e641addc8f823605181) Importer(815301076,1909f56bfc062723c751e8b465ee728b)
Start importing Assets/Tile Palette/TP Kar/karyolNE.png using Guid(0043e9b6d61f2e641addc8f823605181) Importer(815301076,1909f56bfc062723c751e8b465ee728b)  -> (artifact id: '1d6549a6af9e97a4c2d4be8959013642') in 0.013340 seconds
Number of updated asset objects reloaded before import = 0
Number of asset objects unloaded after import = 3
========================================================================
Received Import Request.
  Time since last request: 0.000027 seconds.
  path: Assets/Tile Palette/TP Kar/karyolNW.png
  artifactKey: Guid(e2128f4421d80da4c82a2ac28013a226) Importer(815301076,1909f56bfc062723c751e8b465ee728b)
Start importing Assets/Tile Palette/TP Kar/karyolNW.png using Guid(e2128f4421d80da4c82a2ac28013a226) Importer(815301076,1909f56bfc062723c751e8b465ee728b)  -> (artifact id: '341f707c2f30dcfba3deb5b0db978acb') in 0.011868 seconds
Number of updated asset objects reloaded before import = 0
Number of asset objects unloaded after import = 3
========================================================================
Received Import Request.
  Time since last request: 0.000022 seconds.
  path: Assets/Tile Palette/TP Kar/karyolkose1.png
  artifactKey: Guid(4f52348bb5e944c4198ac22fb3e6fa06) Importer(815301076,1909f56bfc062723c751e8b465ee728b)
Start importing Assets/Tile Palette/TP Kar/karyolkose1.png using Guid(4f52348bb5e944c4198ac22fb3e6fa06) Importer(815301076,1909f56bfc062723c751e8b465ee728b)  -> (artifact id: '2bbc02bb77c05350578dcdfe06259e8f') in 0.013215 seconds
Number of updated asset objects reloaded before import = 0
Number of asset objects unloaded after import = 3
========================================================================
Received Import Request.
  Time since last request: 8.941967 seconds.
  path: Assets/Tile Palette/TP Kar/karsuN.png
  artifactKey: Guid(40ef8c479493bf948976c4fee97a6e70) Importer(815301076,1909f56bfc062723c751e8b465ee728b)
Start importing Assets/Tile Palette/TP Kar/karsuN.png using Guid(40ef8c479493bf948976c4fee97a6e70) Importer(815301076,1909f56bfc062723c751e8b465ee728b)  -> (artifact id: '5568d3cb1b095bdfd48a8b3a47d4ee77') in 0.009744 seconds
Number of updated asset objects reloaded before import = 0
Number of asset objects unloaded after import = 3
========================================================================
Received Import Request.
  Time since last request: 0.058854 seconds.
  path: Assets/Tile Palette/TP Kar/karsu1.png
  artifactKey: Guid(9e4d9c233a7b0c9468d3beb43f26b653) Importer(815301076,1909f56bfc062723c751e8b465ee728b)
Start importing Assets/Tile Palette/TP Kar/karsu1.png using Guid(9e4d9c233a7b0c9468d3beb43f26b653) Importer(815301076,1909f56bfc062723c751e8b465ee728b)  -> (artifact id: '1df2c2beb1fd86594cd2f787787e2422') in 0.017602 seconds
Number of updated asset objects reloaded before import = 0
Number of asset objects unloaded after import = 3
========================================================================
Received Import Request.
  Time since last request: 0.000016 seconds.
  path: Assets/Tile Palette/TP Kar/karsu4.png
  artifactKey: Guid(474c693ab3988e34b90c5a67f6e6b612) Importer(815301076,1909f56bfc062723c751e8b465ee728b)
Start importing Assets/Tile Palette/TP Kar/karsu4.png using Guid(474c693ab3988e34b90c5a67f6e6b612) Importer(815301076,1909f56bfc062723c751e8b465ee728b)  -> (artifact id: '18483cd1c577b032baae5a0d57b9c689') in 0.010620 seconds
Number of updated asset objects reloaded before import = 0
Number of asset objects unloaded after import = 3
========================================================================
Received Import Request.
  Time since last request: 0.000017 seconds.
  path: Assets/Tile Palette/TP Kar/karyol2.png
  artifactKey: Guid(2620bb3cd287d7247959401476beb23c) Importer(815301076,1909f56bfc062723c751e8b465ee728b)
Start importing Assets/Tile Palette/TP Kar/karyol2.png using Guid(2620bb3cd287d7247959401476beb23c) Importer(815301076,1909f56bfc062723c751e8b465ee728b)  -> (artifact id: '669b87ca3acda1ddf83f5cb7587c56d8') in 0.011365 seconds
Number of updated asset objects reloaded before import = 0
Number of asset objects unloaded after import = 3
========================================================================
Received Import Request.
  Time since last request: 0.000016 seconds.
  path: Assets/Tile Palette/TP Kar/karyolkose3.png
  artifactKey: Guid(7746a9675d88d0a4fb0513b8ecbe9366) Importer(815301076,1909f56bfc062723c751e8b465ee728b)
Start importing Assets/Tile Palette/TP Kar/karyolkose3.png using Guid(7746a9675d88d0a4fb0513b8ecbe9366) Importer(815301076,1909f56bfc062723c751e8b465ee728b)  -> (artifact id: '789a2397ae5fd0f9cada3398c97eabf4') in 0.009767 seconds
Number of updated asset objects reloaded before import = 0
Number of asset objects unloaded after import = 3
========================================================================
Received Import Request.
  Time since last request: 0.000016 seconds.
  path: Assets/Tile Palette/TP Kar/karyol4.png
  artifactKey: Guid(66fbee4a077debb4987578eab01b727c) Importer(815301076,1909f56bfc062723c751e8b465ee728b)
Start importing Assets/Tile Palette/TP Kar/karyol4.png using Guid(66fbee4a077debb4987578eab01b727c) Importer(815301076,1909f56bfc062723c751e8b465ee728b)  -> (artifact id: 'b138202a5e25e1b8a5fee5f84d0e7e9a') in 0.009032 seconds
Number of updated asset objects reloaded before import = 0
Number of asset objects unloaded after import = 3
========================================================================
Received Import Request.
  Time since last request: 0.000017 seconds.
  path: Assets/Tile Palette/TP Kar/karyolE.png
  artifactKey: Guid(3a3b6b650476ee74b939c5b1f2ae1cfe) Importer(815301076,1909f56bfc062723c751e8b465ee728b)
Start importing Assets/Tile Palette/TP Kar/karyolE.png using Guid(3a3b6b650476ee74b939c5b1f2ae1cfe) Importer(815301076,1909f56bfc062723c751e8b465ee728b)  -> (artifact id: 'bfdbe075d8c7327d24472c43ef1decd9') in 0.011346 seconds
Number of updated asset objects reloaded before import = 0
Number of asset objects unloaded after import = 3
========================================================================
Received Import Request.
  Time since last request: 0.000016 seconds.
  path: Assets/Tile Palette/TP Kar/karsukose1.png
  artifactKey: Guid(bf92c0e820b9685419140e674f6884d2) Importer(815301076,1909f56bfc062723c751e8b465ee728b)
Start importing Assets/Tile Palette/TP Kar/karsukose1.png using Guid(bf92c0e820b9685419140e674f6884d2) Importer(815301076,1909f56bfc062723c751e8b465ee728b)  -> (artifact id: '16050037f9a41bc657bc27c536ca0c7e') in 0.011113 seconds
Number of updated asset objects reloaded before import = 0
Number of asset objects unloaded after import = 3
========================================================================
Received Import Request.
  Time since last request: 0.000019 seconds.
  path: Assets/Tile Palette/TP Kar/karsu5.png
  artifactKey: Guid(ada4ec61458cbae4fbb661b89b444926) Importer(815301076,1909f56bfc062723c751e8b465ee728b)
Start importing Assets/Tile Palette/TP Kar/karsu5.png using Guid(ada4ec61458cbae4fbb661b89b444926) Importer(815301076,1909f56bfc062723c751e8b465ee728b)  -> (artifact id: '3f525502cd89460d267919b9914321bd') in 0.011537 seconds
Number of updated asset objects reloaded before import = 0
Number of asset objects unloaded after import = 3
========================================================================
Received Import Request.
  Time since last request: 0.000020 seconds.
  path: Assets/Tile Palette/TP Kar/karyolNE.png
  artifactKey: Guid(0043e9b6d61f2e641addc8f823605181) Importer(815301076,1909f56bfc062723c751e8b465ee728b)
Start importing Assets/Tile Palette/TP Kar/karyolNE.png using Guid(0043e9b6d61f2e641addc8f823605181) Importer(815301076,1909f56bfc062723c751e8b465ee728b)  -> (artifact id: '3358fe07036b6fe9f518efc61067fb10') in 0.010564 seconds
Number of updated asset objects reloaded before import = 0
Number of asset objects unloaded after import = 3
========================================================================
Received Import Request.
  Time since last request: 0.000016 seconds.
  path: Assets/Tile Palette/TP Kar/karsuM.png
  artifactKey: Guid(956267e1e9d42014da0f1a66cd377b48) Importer(815301076,1909f56bfc062723c751e8b465ee728b)
Start importing Assets/Tile Palette/TP Kar/karsuM.png using Guid(956267e1e9d42014da0f1a66cd377b48) Importer(815301076,1909f56bfc062723c751e8b465ee728b)  -> (artifact id: '8b216bc670449e52f5d462cdd2b69c6d') in 0.010136 seconds
Number of updated asset objects reloaded before import = 0
Number of asset objects unloaded after import = 3
========================================================================
Received Import Request.
  Time since last request: 0.000019 seconds.
  path: Assets/Tile Palette/TP Kar/karyol6.png
  artifactKey: Guid(46f05117f84269441ba096c6b31e6aaf) Importer(815301076,1909f56bfc062723c751e8b465ee728b)
Start importing Assets/Tile Palette/TP Kar/karyol6.png using Guid(46f05117f84269441ba096c6b31e6aaf) Importer(815301076,1909f56bfc062723c751e8b465ee728b)  -> (artifact id: '31bcea6979fd12ed3e4e5a88643d896f') in 0.011858 seconds
Number of updated asset objects reloaded before import = 0
Number of asset objects unloaded after import = 3
========================================================================
Received Import Request.
  Time since last request: 0.000017 seconds.
  path: Assets/Tile Palette/TP Kar/karyolS.png
  artifactKey: Guid(e302201ea10c7b74588fc36f1f0562d5) Importer(815301076,1909f56bfc062723c751e8b465ee728b)
Start importing Assets/Tile Palette/TP Kar/karyolS.png using Guid(e302201ea10c7b74588fc36f1f0562d5) Importer(815301076,1909f56bfc062723c751e8b465ee728b)  -> (artifact id: 'dc5c6910b60100bbac0e9336dbe27533') in 0.013752 seconds
Number of updated asset objects reloaded before import = 0
Number of asset objects unloaded after import = 3
========================================================================
Received Import Request.
  Time since last request: 0.000038 seconds.
  path: Assets/Tile Palette/TP Kar/karsuNE.png
  artifactKey: Guid(2cd4ebec9fa98394ca2a5acc2f43d4f2) Importer(815301076,1909f56bfc062723c751e8b465ee728b)
Start importing Assets/Tile Palette/TP Kar/karsuNE.png using Guid(2cd4ebec9fa98394ca2a5acc2f43d4f2) Importer(815301076,1909f56bfc062723c751e8b465ee728b)  -> (artifact id: 'c9c2c6e7b5dac1c190c378072eb4b6a4') in 0.016882 seconds
Number of updated asset objects reloaded before import = 0
Number of asset objects unloaded after import = 3
Editor requested this worker to shutdown with reason: Scaling down because of idle timeout
TcpMessagingSession - receive error: operation aborted. errorcode: 995, details: The I/O operation has been aborted because of either a thread exit or an application request.
AssetImportWorker is now disconnected from the server
Process exiting
Exiting without the bug reporter. Application will terminate with return code 0